c:\users\herve\dev\v5\v5lab\v5labwin32\v5logo\v5logodll\v5logodll\release\v5logodll.pch
c:\users\herve\dev\v5\v5lab\v5labwin32\v5logo\v5logodll\v5logodll\release\vc140.pdb
c:\users\herve\dev\v5\v5lab\v5labwin32\v5logo\v5logodll\v5logodll\release\stdafx.obj
c:\users\herve\dev\v5\v5lab\v5labwin32\v5logo\v5logodll\v5logodll\release\dllmain.obj
c:\users\herve\dev\v5\v5lab\v5labwin32\v5logo\v5logodll\v5logodll\release\scanner.obj
c:\users\herve\dev\v5\v5lab\v5labwin32\v5logo\v5logodll\v5logodll\release\parser.obj
c:\users\herve\dev\v5\v5lab\v5labwin32\v5logo\v5logodll\v5logodll\release\v5logodll.obj
c:\users\herve\dev\v5\v5lab\v5labwin32\v5lab\release\v5logodll.dll
c:\users\herve\dev\v5\v5lab\v5labwin32\v5lab\release\v5logodll.ipdb
c:\users\herve\dev\v5\v5lab\v5labwin32\v5lab\release\v5logodll.iobj
c:\users\herve\dev\v5\v5lab\v5labwin32\v5lab\release\v5logodll.pdb
c:\users\herve\dev\v5\v5lab\v5labwin32\v5lab\release\v5logodll.lib
c:\users\herve\dev\v5\v5lab\v5labwin32\v5lab\release\v5logodll.exp
c:\users\herve\dev\git\v5labwin32\v5logo\v5logodll\v5logodll\release\dllmain.obj
c:\users\herve\dev\git\v5labwin32\v5logo\v5logodll\v5logodll\release\parser.obj
c:\users\herve\dev\git\v5labwin32\v5logo\v5logodll\v5logodll\release\scanner.obj
c:\users\herve\dev\git\v5labwin32\v5logo\v5logodll\v5logodll\release\stdafx.obj
c:\users\herve\dev\git\v5labwin32\v5logo\v5logodll\v5logodll\release\v5logodll.obj
c:\users\herve\dev\git\v5labwin32\v5logo\v5logodll\v5logodll\release\v5logodll.pch
c:\users\herve\dev\git\v5labwin32\v5logo\v5logodll\v5logodll\release\vc140.pdb
c:\users\herve\dev\git\v5labwin32\v5lab\release\v5logodll.pdb
c:\users\herve\dev\git\v5labwin32\v5lab\release\v5logodll.dll
c:\users\herve\dev\git\v5labwin32\v5logo\v5logodll\v5logodll\release\v5logodll.tlog\cl.command.1.tlog
c:\users\herve\dev\git\v5labwin32\v5logo\v5logodll\v5logodll\release\v5logodll.tlog\cl.read.1.tlog
c:\users\herve\dev\git\v5labwin32\v5logo\v5logodll\v5logodll\release\v5logodll.tlog\cl.write.1.tlog
c:\users\herve\dev\git\v5labwin32\v5logo\v5logodll\v5logodll\release\v5logodll.tlog\link.command.1.tlog
c:\users\herve\dev\git\v5labwin32\v5logo\v5logodll\v5logodll\release\v5logodll.tlog\link.read.1.tlog
c:\users\herve\dev\git\v5labwin32\v5logo\v5logodll\v5logodll\release\v5logodll.tlog\link.write.1.tlog
c:\users\herve\dev\git\v5labwin32\v5logo\v5logodll\v5logodll\release\v5logodll.tlog\v5logodll.write.1u.tlog
