Build started 2015-10-31 10:01:29 PM.
     1>Project "C:\Users\herve\dev\git\v5LabWin32\v5Logo\v5LogoDll\v5LogoDll\v5LogoDll.vcxproj" on node 2 (Rebuild target(s)).
     1>ClCompile:
         C:\Program Files (x86)\Microsoft Visual Studio 14.0\VC\bin\CL.exe /c /I"C:\Program Files (x86)\Visual Leak Detector\include" /Zi /nologo /W3 /WX- /sdl /O2 /Oi /Oy- /GL /D WIN32 /D NDEBUG /D _WINDOWS /D _USRDLL /D V5LOGODLL_EXPORTS /D _WINDLL /D _UNICODE /D UNICODE /Gm- /EHsc /MD /GS /Gy /fp:precise /Zc:wchar_t /Zc:forScope /Zc:inline /Yc"stdafx.h" /Fp"Release\v5LogoDll.pch" /Fo"Release\\" /Fd"Release\vc140.pdb" /Gd /TP /analyze- /errorReport:prompt stdafx.cpp
         stdafx.cpp
         C:\Program Files (x86)\Microsoft Visual Studio 14.0\VC\bin\CL.exe /c /I"C:\Program Files (x86)\Visual Leak Detector\include" /Zi /nologo /W3 /WX- /sdl /O2 /Oi /Oy- /GL /D WIN32 /D NDEBUG /D _WINDOWS /D _USRDLL /D V5LOGODLL_EXPORTS /D _WINDLL /D _UNICODE /D UNICODE /Gm- /EHsc /MD /GS /Gy /fp:precise /Zc:wchar_t /Zc:forScope /Zc:inline /Fo"Release\\" /Fd"Release\vc140.pdb" /Gd /TP /analyze- /errorReport:prompt dllmain.cpp
         dllmain.cpp
         C:\Program Files (x86)\Microsoft Visual Studio 14.0\VC\bin\CL.exe /c /I"C:\Program Files (x86)\Visual Leak Detector\include" /Zi /nologo /W3 /WX- /sdl /O2 /Oi /Oy- /GL /D WIN32 /D NDEBUG /D _WINDOWS /D _USRDLL /D V5LOGODLL_EXPORTS /D _WINDLL /D _UNICODE /D UNICODE /Gm- /EHsc /MD /GS /Gy /fp:precise /Zc:wchar_t /Zc:forScope /Zc:inline /Yu"stdafx.h" /Fp"Release\v5LogoDll.pch" /Fo"Release\\" /Fd"Release\vc140.pdb" /Gd /TP /analyze- /errorReport:prompt v5LogoDll.cpp Parser.cpp Scanner.cpp
         v5LogoDll.cpp
         Parser.cpp
         Scanner.cpp
       Link:
         C:\Program Files (x86)\Microsoft Visual Studio 14.0\VC\bin\link.exe /ERRORREPORT:PROMPT /OUT:"C:\Users\herve\dev\git\v5LabWin32\v5Lab\Release\v5LogoDll.dll" /INCREMENTAL:NO /NOLOGO /LIBPATH:"C:\Program Files (x86)\Visual Leak Detector\lib\Win32" kernel32.lib user32.lib gdi32.lib winspool.lib comdlg32.lib advapi32.lib shell32.lib ole32.lib oleaut32.lib uuid.lib odbc32.lib odbccp32.lib /MANIFEST /MANIFESTUAC:"level='asInvoker' uiAccess='false'" /manifest:embed /Debug /PDB:"C:\Users\herve\dev\git\v5LabWin32\v5Lab\Release\v5LogoDll.pdb" /SUBSYSTEM:WINDOWS /OPT:REF /OPT:ICF /LTCG:incremental /TLBID:1 /DYNAMICBASE /NXCOMPAT /IMPLIB:"C:\Users\herve\dev\git\v5LabWin32\v5Lab\Release\v5LogoDll.lib" /MACHINE:X86 /SAFESEH /DLL Release\dllmain.obj
         Release\v5LogoDll.obj
         Release\Parser.obj
         Release\Scanner.obj
         Release\stdafx.obj
            Creating library C:\Users\herve\dev\git\v5LabWin32\v5Lab\Release\v5LogoDll.lib and object C:\Users\herve\dev\git\v5LabWin32\v5Lab\Release\v5LogoDll.exp
         Generating code
         465 of 467 functions (99.6%) were compiled, the rest were copied from previous compilation.
           2 functions were new in current compilation
           0 functions had inline decision re-evaluated but remain unchanged
         Finished generating code
         v5LogoDll.vcxproj -> C:\Users\herve\dev\git\v5LabWin32\v5Lab\Release\v5LogoDll.dll
     1>Done Building Project "C:\Users\herve\dev\git\v5LabWin32\v5Logo\v5LogoDll\v5LogoDll\v5LogoDll.vcxproj" (Rebuild target(s)).

Build succeeded.

Time Elapsed 00:00:03.09
