c:\users\herve\dev\v5\v5lab\v5labwin32\v5logo\v5logodll\v5logodll\debug\v5logodll.pch
c:\users\herve\dev\v5\v5lab\v5labwin32\v5logo\v5logodll\v5logodll\debug\vc140.pdb
c:\users\herve\dev\v5\v5lab\v5labwin32\v5logo\v5logodll\v5logodll\debug\vc140.idb
c:\users\herve\dev\v5\v5lab\v5labwin32\v5logo\v5logodll\v5logodll\debug\stdafx.obj
c:\users\herve\dev\v5\v5lab\v5labwin32\v5logo\v5logodll\v5logodll\debug\dllmain.obj
c:\users\herve\dev\v5\v5lab\v5labwin32\v5logo\v5logodll\v5logodll\debug\v5logodll.obj
c:\users\herve\dev\v5\v5lab\v5labwin32\v5logo\v5logodll\v5logodll\debug\parser.obj
c:\users\herve\dev\v5\v5lab\v5labwin32\v5logo\v5logodll\v5logodll\debug\scanner.obj
c:\users\herve\dev\v5\v5lab\v5labwin32\v5lab\debug\v5logodll.ilk
c:\users\herve\dev\v5\v5lab\v5labwin32\v5lab\debug\v5logodll.dll
c:\users\herve\dev\v5\v5lab\v5labwin32\v5lab\debug\v5logodll.pdb
c:\users\herve\dev\v5\v5lab\v5labwin32\v5lab\debug\v5logodll.lib
c:\users\herve\dev\v5\v5lab\v5labwin32\v5lab\debug\v5logodll.exp
c:\users\herve\dev\git\v5labwin32\v5logo\v5logodll\v5logodll\debug\dllmain.obj
c:\users\herve\dev\git\v5labwin32\v5logo\v5logodll\v5logodll\debug\parser.obj
c:\users\herve\dev\git\v5labwin32\v5logo\v5logodll\v5logodll\debug\scanner.obj
c:\users\herve\dev\git\v5labwin32\v5logo\v5logodll\v5logodll\debug\stdafx.obj
c:\users\herve\dev\git\v5labwin32\v5logo\v5logodll\v5logodll\debug\v5logodll.obj
c:\users\herve\dev\git\v5labwin32\v5logo\v5logodll\v5logodll\debug\v5logodll.pch
c:\users\herve\dev\git\v5labwin32\v5logo\v5logodll\v5logodll\debug\vc140.idb
c:\users\herve\dev\git\v5labwin32\v5logo\v5logodll\v5logodll\debug\vc140.pdb
c:\users\herve\dev\git\v5labwin32\v5lab\debug\v5logodll.pdb
c:\users\herve\dev\git\v5labwin32\v5lab\debug\v5logodll.dll
c:\users\herve\dev\git\v5labwin32\v5lab\debug\v5logodll.ilk
c:\users\herve\dev\git\v5labwin32\v5logo\v5logodll\v5logodll\debug\v5logodll.tlog\cl.command.1.tlog
c:\users\herve\dev\git\v5labwin32\v5logo\v5logodll\v5logodll\debug\v5logodll.tlog\cl.read.1.tlog
c:\users\herve\dev\git\v5labwin32\v5logo\v5logodll\v5logodll\debug\v5logodll.tlog\cl.write.1.tlog
c:\users\herve\dev\git\v5labwin32\v5logo\v5logodll\v5logodll\debug\v5logodll.tlog\link.command.1.tlog
c:\users\herve\dev\git\v5labwin32\v5logo\v5logodll\v5logodll\debug\v5logodll.tlog\link.read.1.tlog
c:\users\herve\dev\git\v5labwin32\v5logo\v5logodll\v5logodll\debug\v5logodll.tlog\link.write.1.tlog
c:\users\herve\dev\git\v5labwin32\v5logo\v5logodll\v5logodll\debug\v5logodll.tlog\v5logodll.write.1u.tlog
