C:\USERS\HERVé\DOCUMENTS\V5\DEV\V5LOGO\V5LOGODLL\V5LOGODLLCONSOLE\DEBUG\STDAFX.OBJ
C:\USERS\HERVé\DOCUMENTS\V5\DEV\V5LOGO\V5LOGODLL\V5LOGODLLCONSOLE\DEBUG\V5LOGODLLCONSOLE.OBJ
C:\USERS\HERVÉ\DOCUMENTS\V5\DEV\V5LOGO\V5LOGODLL\V5LOGODLLCONSOLE\DEBUG\VC110.PDB
C:\USERS\HERVé\DOCUMENTS\V5\DEV\V5LOGO\V5LOGODLL\DEBUG\V5LOGODLLCONSOLE.ILK
C:\USERS\HERVé\DOCUMENTS\V5\DEV\V5LOGO\V5LOGODLL\DEBUG\V5LOGODLLCONSOLE.EXE
C:\USERS\HERVÉ\DOCUMENTS\V5\DEV\V5LOGO\V5LOGODLL\DEBUG\V5LOGODLLCONSOLE.PDB
C:\Users\Hervé\Documents\V5\dev\v5Logo\v5LogoDll\Debug\v5LogoDllConsole.lib
C:\Users\Hervé\Documents\V5\dev\v5Logo\v5LogoDll\Debug\v5LogoDllConsole.exp
C:\Users\Hervé\Documents\V5\dev\v5Logo\v5LogoDll\v5LogoDllConsole\Debug\v5LogoDllConsole.vcxprojResolveAssemblyReference.cache
C:\Users\Hervé\Documents\V5\dev\v5Logo\v5LogoDll\v5LogoDllConsole\Debug\stdafx.obj
C:\Users\Hervé\Documents\V5\dev\v5Logo\v5LogoDll\v5LogoDllConsole\Debug\v5LogoDllConsole.obj
C:\Users\Hervé\Documents\V5\dev\v5Logo\v5LogoDll\v5LogoDllConsole\Debug\cl.command.1.tlog
C:\Users\Hervé\Documents\V5\dev\v5Logo\v5LogoDll\v5LogoDllConsole\Debug\CL.read.1.tlog
C:\Users\Hervé\Documents\V5\dev\v5Logo\v5LogoDll\v5LogoDllConsole\Debug\CL.write.1.tlog
C:\Users\Hervé\Documents\V5\dev\v5Logo\v5LogoDll\v5LogoDllConsole\Debug\link-cvtres.read.1.tlog
C:\Users\Hervé\Documents\V5\dev\v5Logo\v5LogoDll\v5LogoDllConsole\Debug\link-cvtres.write.1.tlog
C:\Users\Hervé\Documents\V5\dev\v5Logo\v5LogoDll\v5LogoDllConsole\Debug\link-rc.read.1.tlog
C:\Users\Hervé\Documents\V5\dev\v5Logo\v5LogoDll\v5LogoDllConsole\Debug\link-rc.write.1.tlog
C:\Users\Hervé\Documents\V5\dev\v5Logo\v5LogoDll\v5LogoDllConsole\Debug\link.1172-cvtres.read.1.tlog
C:\Users\Hervé\Documents\V5\dev\v5Logo\v5LogoDll\v5LogoDllConsole\Debug\link.1172-cvtres.write.1.tlog
C:\Users\Hervé\Documents\V5\dev\v5Logo\v5LogoDll\v5LogoDllConsole\Debug\link.1172-rc.read.1.tlog
C:\Users\Hervé\Documents\V5\dev\v5Logo\v5LogoDll\v5LogoDllConsole\Debug\link.1172-rc.write.1.tlog
C:\Users\Hervé\Documents\V5\dev\v5Logo\v5LogoDll\v5LogoDllConsole\Debug\link.1172.read.1.tlog
C:\Users\Hervé\Documents\V5\dev\v5Logo\v5LogoDll\v5LogoDllConsole\Debug\link.1172.write.1.tlog
C:\Users\Hervé\Documents\V5\dev\v5Logo\v5LogoDll\v5LogoDllConsole\Debug\link.4544-cvtres.read.1.tlog
C:\Users\Hervé\Documents\V5\dev\v5Logo\v5LogoDll\v5LogoDllConsole\Debug\link.4544-cvtres.write.1.tlog
C:\Users\Hervé\Documents\V5\dev\v5Logo\v5LogoDll\v5LogoDllConsole\Debug\link.4544-rc.read.1.tlog
C:\Users\Hervé\Documents\V5\dev\v5Logo\v5LogoDll\v5LogoDllConsole\Debug\link.4544-rc.write.1.tlog
C:\Users\Hervé\Documents\V5\dev\v5Logo\v5LogoDll\v5LogoDllConsole\Debug\link.4544.read.1.tlog
C:\Users\Hervé\Documents\V5\dev\v5Logo\v5LogoDll\v5LogoDllConsole\Debug\link.4544.write.1.tlog
C:\Users\Hervé\Documents\V5\dev\v5Logo\v5LogoDll\v5LogoDllConsole\Debug\link.4964-cvtres.read.1.tlog
C:\Users\Hervé\Documents\V5\dev\v5Logo\v5LogoDll\v5LogoDllConsole\Debug\link.4964-cvtres.write.1.tlog
C:\Users\Hervé\Documents\V5\dev\v5Logo\v5LogoDll\v5LogoDllConsole\Debug\link.4964-rc.read.1.tlog
C:\Users\Hervé\Documents\V5\dev\v5Logo\v5LogoDll\v5LogoDllConsole\Debug\link.4964-rc.write.1.tlog
C:\Users\Hervé\Documents\V5\dev\v5Logo\v5LogoDll\v5LogoDllConsole\Debug\link.4964.read.1.tlog
C:\Users\Hervé\Documents\V5\dev\v5Logo\v5LogoDll\v5LogoDllConsole\Debug\link.4964.write.1.tlog
C:\Users\Hervé\Documents\V5\dev\v5Logo\v5LogoDll\v5LogoDllConsole\Debug\link.command.1.tlog
C:\Users\Hervé\Documents\V5\dev\v5Logo\v5LogoDll\v5LogoDllConsole\Debug\link.read.1.tlog
C:\Users\Hervé\Documents\V5\dev\v5Logo\v5LogoDll\v5LogoDllConsole\Debug\link.write.1.tlog
C:\Users\Hervé\Documents\V5\dev\v5Logo\v5LogoDll\v5LogoDllConsole\Debug\v5LogoDllConsole.write.1.tlog
C:\Users\Hervé\Documents\V5\dev\v5Logo\v5LogoDll\v5LogoDllConsole\Debug\vc110.idb
C:\Users\Hervé\Documents\V5\dev\v5Logo\v5LogoDll\v5LogoDllConsole\Debug\vc110.pdb
C:\Users\Hervé\Documents\V5\dev\v5Logo\v5LogoDll\Debug\v5LogoDllConsole.pdb
C:\Users\Hervé\Documents\V5\dev\v5Logo\v5LogoDll\Debug\v5LogoDllConsole.exe
C:\Users\Hervé\Documents\V5\dev\v5Logo\v5LogoDll\Debug\v5LogoDllConsole.ilk
